<?xml version="1.0" encoding="UTF-8"?>
<!-- Generated by org.testng.reporters.JUnitXMLReporter -->
<testsuite ignored="0" hostname="DESKTOP-E8UGL1N" failures="0" tests="2" name="Firefox" time="0.079" errors="0" timestamp="2022-10-14T21:07:08 IST">
  <testcase classname="fivepaisasharad.testngfivesharad" name="@BeforeTest openbrowser1" time="0.002">
    <failure type="java.lang.NullPointerException" message="Cannot invoke &amp;quot;org.openqa.selenium.WebDriver.get(String)&amp;quot; because &amp;quot;this.driver&amp;quot; is null">
      <![CDATA[java.lang.NullPointerException: Cannot invoke "org.openqa.selenium.WebDriver.get(String)" because "this.driver" is null
at fivepaisasharad.testngfivesharad.openbrowser1(testngfivesharad.java:66)
... Removed 24 stack frames]]>
    </failure>
  </testcase> <!-- @BeforeTest openbrowser1 -->
  <testcase classname="fivepaisasharad.testngfivesharad" name="@BeforeClass openbrowser" time="-1.66576182841E9">
    <skipped/>
  </testcase> <!-- @BeforeClass openbrowser -->
  <testcase classname="fivepaisasharad.testngfivesharad" name="@BeforeMethod openurl" time="-1.665761828425E9">
    <skipped/>
  </testcase> <!-- @BeforeMethod openurl -->
  <testcase classname="fivepaisasharad.testngfivesharad" name="@AfterMethod logout" time="-1.665761828439E9">
    <skipped/>
  </testcase> <!-- @AfterMethod logout -->
  <testcase classname="fivepaisasharad.testngfivesharad" name="@BeforeMethod openurl" time="-1.665761828443E9">
    <skipped/>
  </testcase> <!-- @BeforeMethod openurl -->
  <testcase classname="fivepaisasharad.testngfivesharad" name="@AfterMethod logout" time="-1.665761828457E9">
    <skipped/>
  </testcase> <!-- @AfterMethod logout -->
  <testcase classname="fivepaisasharad.testngfivesharad" name="@AfterClass Afterclass" time="-1.665761828462E9">
    <skipped/>
  </testcase> <!-- @AfterClass Afterclass -->
  <testcase classname="fivepaisasharad.testngfivesharad" name="@AfterTest aftertest" time="-1.665761828467E9">
    <skipped/>
  </testcase> <!-- @AfterTest aftertest -->
  <testcase classname="fivepaisasharad.testngfivesharad" name="test" time="0.0">
    <skipped/>
  </testcase> <!-- test -->
  <testcase classname="fivepaisasharad.testngfivesharad" name="test1" time="0.0">
    <skipped/>
  </testcase> <!-- test1 -->
</testsuite> <!-- Firefox -->
